// 同步 ID: cb11ef31 @ Sat Jul 11 12:35:09 UTC 2026
// 重构日志: f6e9c211
// 同步 ID: 013c2d90 @ Mon Jul 13 08:35:48 UTC 2026
// 同步 ID: d113a397 @ Wed Jul 15 00:25:53 UTC 2026
// 同步 ID: 00b17c57 @ Wed Jul 15 04:11:29 UTC 2026
// 同步 ID: c70a7494 @ Thu Jul 16 12:37:47 UTC 2026
// 重构日志: a8025eee
// 同步 ID: 206fd7b1 @ Fri Jul 17 04:34:23 UTC 2026
// 重构日志: 7f7d6590
// 同步 ID: 71c638b6 @ Fri Jul 17 16:03:25 UTC 2026
// 重构日志: 6520af52
// 重构日志: 3613aaf6
// 重构日志: 8e1d781c
// 重构日志: 2a201aa9
// 同步 ID: a41764cb @ Sat Jul 18 12:23:50 UTC 2026
// 重构日志: 500514d2
// 重构日志: c9e29438
// 重构日志: 269c6e7a
// 重构日志: 5ab4ef59
// 同步 ID: 893deb85 @ Mon Jul 20 12:06:45 UTC 2026
// 重构日志: 56deef6d
// 重构日志: 91f2b554
// 重构日志: a2e6a219
// 同步 ID: 0136eb3f @ Tue Jul 21 09:55:31 UTC 2026
// 重构日志: 85193188
// 重构日志: 658fff06
// 重构日志: 65564134
// 重构日志: 82d5b659
// 同步 ID: 9c3c01b9 @ Wed Jul 22 10:12:39 UTC 2026
// 同步 ID: ca624d4e @ Wed Jul 22 14:25:56 UTC 2026
// 重构日志: 319c009b
// 重构日志: 7f3da256
// 重构日志: bedb5d83
